41.0 APEX_CODE,FINEST;APEX_PROFILING,INFO;CALLOUT,INFO;DB,INFO;SYSTEM,DEBUG;VALIDATION,INFO;VISUALFORCE,INFO;WAVE,INFO;WORKFLOW,INFO
Execute Anonymous: Map<Id,AggregateResult> m = new Map<Id, AggregateResult>([SELECT Sales_Rep__r.Id, SUM(Amount__c) TotalBonusAmount,
Execute Anonymous: CALENDAR_YEAR(Opportunity__r.CloseDate) AggrYear,
Execute Anonymous: CALENDAR_MONTH(Opportunity__r.CloseDate) AggrMonth
Execute Anonymous: FROM Bonus__c
Execute Anonymous: GROUP BY Sales_Rep__r.Id, CALENDAR_YEAR(Opportunity__r.CloseDate), CALENDAR_MONTH(Opportunity__r.CloseDate)]);
Execute Anonymous: 
Execute Anonymous: system.debug(m);
20:20:56.1 (1130971)|USER_INFO|[EXTERNAL]|0050O00000782Ui|bchernichko@curious-raccoon-209964.com|Moscow Standard Time|GMT+03:00
20:20:56.1 (1288860)|EXECUTION_STARTED
20:20:56.1 (1292190)|CODE_UNIT_STARTED|[EXTERNAL]|execute_anonymous_apex
20:20:56.1 (1447324)|VARIABLE_SCOPE_BEGIN|[1]|m|Map<Id,AggregateResult>|true|false
20:20:56.1 (1646350)|HEAP_ALLOCATE|[72]|Bytes:3
20:20:56.1 (1690897)|HEAP_ALLOCATE|[77]|Bytes:152
20:20:56.1 (1705701)|HEAP_ALLOCATE|[342]|Bytes:408
20:20:56.1 (1719876)|HEAP_ALLOCATE|[355]|Bytes:408
20:20:56.1 (1733059)|HEAP_ALLOCATE|[467]|Bytes:48
20:20:56.1 (1783529)|HEAP_ALLOCATE|[139]|Bytes:6
20:20:56.1 (1803298)|HEAP_ALLOCATE|[EXTERNAL]|Bytes:3
20:20:56.1 (1892273)|STATEMENT_EXECUTE|[1]
20:20:56.1 (1894381)|STATEMENT_EXECUTE|[1]
20:20:56.1 (1936275)|HEAP_ALLOCATE|[1]|Bytes:4
20:20:56.1 (1944356)|HEAP_ALLOCATE|[1]|Bytes:279
20:20:56.1 (1953714)|HEAP_ALLOCATE|[1]|Bytes:4
20:20:56.1 (2000929)|HEAP_ALLOCATE|[50]|Bytes:5
20:20:56.1 (2027028)|HEAP_ALLOCATE|[56]|Bytes:5
20:20:56.1 (2033836)|HEAP_ALLOCATE|[64]|Bytes:7
20:20:56.1 (2578451)|SOQL_EXECUTE_BEGIN|[1]|Aggregations:0|SELECT Sales_Rep__r.Id, SUM(Amount__c) TotalBonusAmount, CALENDAR_YEAR(Opportunity__r.CloseDate) AggrYear, CALENDAR_MONTH(Opportunity__r.CloseDate) AggrMonth FROM Bonus__c GROUP BY Sales_Rep__r.Id, CALENDAR_YEAR(Opportunity__r.CloseDate), CALENDAR_MONTH(Opportunity__r.CloseDate)
20:20:56.1 (18544465)|SOQL_EXECUTE_END|[1]|Rows:0
20:20:56.1 (18587591)|HEAP_ALLOCATE|[1]|Bytes:4
20:20:56.1 (18607905)|HEAP_ALLOCATE|[1]|Bytes:0
20:20:56.1 (18710212)|HEAP_ALLOCATE|[1]|Bytes:4
20:20:56.1 (18825270)|VARIABLE_ASSIGNMENT|[1]|m|{}|0x7a46cee7
20:20:56.1 (18833302)|STATEMENT_EXECUTE|[7]
20:20:56.1 (19050984)|USER_DEBUG|[7]|DEBUG|{}
20:20:56.19 (19130840)|CUMULATIVE_LIMIT_USAGE
20:20:56.19 (19130840)|LIMIT_USAGE_FOR_NS|(default)|
  Number of SOQL queries: 1 out of 100
  Number of query rows: 0 out of 50000
  Number of SOSL queries: 0 out of 20
  Number of DML statements: 0 out of 150
  Number of DML rows: 0 out of 10000
  Maximum CPU time: 0 out of 10000
  Maximum heap size: 0 out of 6000000
  Number of callouts: 0 out of 100
  Number of Email Invocations: 0 out of 10
  Number of future calls: 0 out of 50
  Number of queueable jobs added to the queue: 0 out of 50
  Number of Mobile Apex push calls: 0 out of 10

20:20:56.19 (19130840)|CUMULATIVE_LIMIT_USAGE_END

20:20:56.1 (19175090)|CODE_UNIT_FINISHED|execute_anonymous_apex
20:20:56.1 (20124201)|EXECUTION_FINISHED
