41.0 APEX_CODE,FINEST;APEX_PROFILING,INFO;CALLOUT,INFO;DB,INFO;SYSTEM,DEBUG;VALIDATION,INFO;VISUALFORCE,INFO;WAVE,INFO;WORKFLOW,INFO
Execute Anonymous: Map<Id, Opportunity> m = new Map<Id, Opportunity>([
Execute Anonymous:     SELECT Owner.Id, Id, Amount, (SELECT Id FROM Bonuses__r)
Execute Anonymous:     FROM Opportunity
Execute Anonymous:     WHERE StageName = 'Closed Won'
Execute Anonymous: ]);
Execute Anonymous: system.debug(m);
19:05:37.1 (1292208)|USER_INFO|[EXTERNAL]|0050O00000782Ui|bchernichko@curious-raccoon-209964.com|Moscow Standard Time|GMT+03:00
19:05:37.1 (1319189)|EXECUTION_STARTED
19:05:37.1 (1323847)|CODE_UNIT_STARTED|[EXTERNAL]|execute_anonymous_apex
19:05:37.1 (1567821)|VARIABLE_SCOPE_BEGIN|[1]|m|Map<Id,Opportunity>|true|false
19:05:37.1 (1738764)|HEAP_ALLOCATE|[72]|Bytes:3
19:05:37.1 (1805072)|HEAP_ALLOCATE|[77]|Bytes:152
19:05:37.1 (1826251)|HEAP_ALLOCATE|[342]|Bytes:408
19:05:37.1 (1848049)|HEAP_ALLOCATE|[355]|Bytes:408
19:05:37.1 (1876616)|HEAP_ALLOCATE|[467]|Bytes:48
19:05:37.1 (1927308)|HEAP_ALLOCATE|[139]|Bytes:6
19:05:37.1 (1963063)|HEAP_ALLOCATE|[EXTERNAL]|Bytes:3
19:05:37.1 (2059911)|STATEMENT_EXECUTE|[1]
19:05:37.1 (2064056)|STATEMENT_EXECUTE|[1]
19:05:37.1 (2102092)|HEAP_ALLOCATE|[1]|Bytes:4
19:05:37.1 (2112672)|HEAP_ALLOCATE|[1]|Bytes:104
19:05:37.1 (2125009)|HEAP_ALLOCATE|[1]|Bytes:4
19:05:37.1 (2169708)|HEAP_ALLOCATE|[50]|Bytes:5
19:05:37.1 (2193923)|HEAP_ALLOCATE|[56]|Bytes:5
19:05:37.1 (2206513)|HEAP_ALLOCATE|[64]|Bytes:7
19:05:37.1 (2781353)|SOQL_EXECUTE_BEGIN|[1]|Aggregations:1|SELECT Owner.Id, Id, Amount, (SELECT Id FROM Bonuses__r) FROM Opportunity WHERE StageName = 'Closed Won'
19:05:37.1 (14932509)|SOQL_EXECUTE_END|[1]|Rows:18
19:05:37.1 (15027106)|HEAP_ALLOCATE|[1]|Bytes:76
19:05:37.1 (15073023)|HEAP_ALLOCATE|[1]|Bytes:2062
19:05:37.1 (15188696)|HEAP_ALLOCATE|[1]|Bytes:76
19:05:37.1 (15249272)|HEAP_ALLOCATE|[1]|Bytes:20
19:05:37.1 (15264335)|HEAP_ALLOCATE|[1]|Bytes:4
19:05:37.1 (15272861)|HEAP_ALLOCATE|[1]|Bytes:20
19:05:37.1 (15279463)|HEAP_ALLOCATE|[1]|Bytes:4
19:05:37.1 (15284576)|HEAP_ALLOCATE|[1]|Bytes:20
19:05:37.1 (15290469)|HEAP_ALLOCATE|[1]|Bytes:4
19:05:37.1 (15295515)|HEAP_ALLOCATE|[1]|Bytes:20
19:05:37.1 (15301648)|HEAP_ALLOCATE|[1]|Bytes:4
19:05:37.1 (15306476)|HEAP_ALLOCATE|[1]|Bytes:20
19:05:37.1 (15312423)|HEAP_ALLOCATE|[1]|Bytes:4
19:05:37.1 (15317292)|HEAP_ALLOCATE|[1]|Bytes:20
19:05:37.1 (15325705)|HEAP_ALLOCATE|[1]|Bytes:4
19:05:37.1 (15335364)|HEAP_ALLOCATE|[1]|Bytes:20
19:05:37.1 (15347965)|HEAP_ALLOCATE|[1]|Bytes:4
19:05:37.1 (15357554)|HEAP_ALLOCATE|[1]|Bytes:20
19:05:37.1 (15369209)|HEAP_ALLOCATE|[1]|Bytes:4
19:05:37.1 (15378640)|HEAP_ALLOCATE|[1]|Bytes:20
19:05:37.1 (15393154)|HEAP_ALLOCATE|[1]|Bytes:4
19:05:37.1 (15402702)|HEAP_ALLOCATE|[1]|Bytes:20
19:05:37.1 (15414785)|HEAP_ALLOCATE|[1]|Bytes:4
19:05:37.1 (15422895)|HEAP_ALLOCATE|[1]|Bytes:20
19:05:37.1 (15435597)|HEAP_ALLOCATE|[1]|Bytes:4
19:05:37.1 (15442341)|HEAP_ALLOCATE|[1]|Bytes:20
19:05:37.1 (15448883)|HEAP_ALLOCATE|[1]|Bytes:4
19:05:37.1 (15453692)|HEAP_ALLOCATE|[1]|Bytes:20
19:05:37.1 (15459775)|HEAP_ALLOCATE|[1]|Bytes:4
19:05:37.1 (15465242)|HEAP_ALLOCATE|[1]|Bytes:20
19:05:37.1 (15471344)|HEAP_ALLOCATE|[1]|Bytes:4
19:05:37.1 (15476239)|HEAP_ALLOCATE|[1]|Bytes:20
19:05:37.1 (15486561)|HEAP_ALLOCATE|[1]|Bytes:4
19:05:37.1 (15491500)|HEAP_ALLOCATE|[1]|Bytes:20
19:05:37.1 (15497663)|HEAP_ALLOCATE|[1]|Bytes:4
19:05:37.1 (15502586)|HEAP_ALLOCATE|[1]|Bytes:20
19:05:37.1 (15508759)|HEAP_ALLOCATE|[1]|Bytes:4
19:05:37.1 (15513405)|HEAP_ALLOCATE|[1]|Bytes:20
19:05:37.1 (15519449)|HEAP_ALLOCATE|[1]|Bytes:4
19:05:37.1 (15571042)|VARIABLE_ASSIGNMENT|[1]|m|"Map of size 18 too large to display"|0x5bfc7fe8
19:05:37.1 (15581655)|STATEMENT_EXECUTE|[6]
19:05:37.1 (15809504)|USER_DEBUG|[6]|DEBUG|{0060O00000ob1F3QAI=Opportunity:{OwnerId=0050O00000782UiQAI, Id=0060O00000ob1F3QAI, Amount=220000.00}, 0060O00000ob1F4QAI=Opportunity:{OwnerId=0050O00000782UiQAI, Id=0060O00000ob1F4QAI, Amount=85000.00}, 0060O00000ob1F7QAI=Opportunity:{OwnerId=0050O00000782UiQAI, Id=0060O00000ob1F7QAI, Amount=120000.00}, 0060O00000ob1F9QAI=Opportunity:{OwnerId=0050O00000782UiQAI, Id=0060O00000ob1F9QAI, Amount=75000.00}, 0060O00000ob1FAQAY=Opportunity:{OwnerId=0050O00000782UiQAI, Id=0060O00000ob1FAQAY, Amount=50000.00}, 0060O00000ob1FEQAY=Opportunity:{OwnerId=0050O00000782UiQAI, Id=0060O00000ob1FEQAY, Amount=30000.00}, 0060O00000ob1FGQAY=Opportunity:{OwnerId=0050O00000782UiQAI, Id=0060O00000ob1FGQAY, Amount=50000.00}, 0060O00000ob1FHQAY=Opportunity:{OwnerId=0050O00000782UiQAI, Id=0060O00000ob1FHQAY, Amount=60000.00}, 0060O00000ob1FIQAY=Opportunity:{OwnerId=0050O00000782UiQAI, Id=0060O00000ob1FIQAY, Amount=270000.00}, 0060O00000ob1FJQAY=Opportunity:{OwnerId=0050O00000782UiQAI, Id=0060O00000ob1FJQAY, Amount=350000.00}, ...}
19:05:37.15 (15880370)|CUMULATIVE_LIMIT_USAGE
19:05:37.15 (15880370)|LIMIT_USAGE_FOR_NS|(default)|
  Number of SOQL queries: 1 out of 100
  Number of query rows: 18 out of 50000
  Number of SOSL queries: 0 out of 20
  Number of DML statements: 0 out of 150
  Number of DML rows: 0 out of 10000
  Maximum CPU time: 0 out of 10000
  Maximum heap size: 0 out of 6000000
  Number of callouts: 0 out of 100
  Number of Email Invocations: 0 out of 10
  Number of future calls: 0 out of 50
  Number of queueable jobs added to the queue: 0 out of 50
  Number of Mobile Apex push calls: 0 out of 10

19:05:37.15 (15880370)|CUMULATIVE_LIMIT_USAGE_END

19:05:37.1 (15932928)|CODE_UNIT_FINISHED|execute_anonymous_apex
19:05:37.1 (16745939)|EXECUTION_FINISHED
