41.0 APEX_CODE,FINEST;APEX_PROFILING,INFO;CALLOUT,INFO;DB,INFO;SYSTEM,DEBUG;VALIDATION,INFO;VISUALFORCE,INFO;WAVE,INFO;WORKFLOW,INFO
Execute Anonymous: Map<Id, Opportunity> m = new Map<Id, Opportunity>([
Execute Anonymous:     SELECT Id, Owner.Id, Amount, (SELECT Id FROM Bonuses__r)
Execute Anonymous:     FROM Opportunity
Execute Anonymous:     WHERE StageName = 'Closed Won'
Execute Anonymous: ]);
Execute Anonymous: system.debug(m);
19:04:30.1 (1263166)|USER_INFO|[EXTERNAL]|0050O00000782Ui|bchernichko@curious-raccoon-209964.com|Moscow Standard Time|GMT+03:00
19:04:30.1 (1288607)|EXECUTION_STARTED
19:04:30.1 (1292614)|CODE_UNIT_STARTED|[EXTERNAL]|execute_anonymous_apex
19:04:30.1 (1480046)|VARIABLE_SCOPE_BEGIN|[1]|m|Map<Id,Opportunity>|true|false
19:04:30.1 (1625802)|HEAP_ALLOCATE|[72]|Bytes:3
19:04:30.1 (1687111)|HEAP_ALLOCATE|[77]|Bytes:152
19:04:30.1 (1704859)|HEAP_ALLOCATE|[342]|Bytes:408
19:04:30.1 (1719787)|HEAP_ALLOCATE|[355]|Bytes:408
19:04:30.1 (1732696)|HEAP_ALLOCATE|[467]|Bytes:48
19:04:30.1 (1786742)|HEAP_ALLOCATE|[139]|Bytes:6
19:04:30.1 (1809986)|HEAP_ALLOCATE|[EXTERNAL]|Bytes:3
19:04:30.1 (1922046)|STATEMENT_EXECUTE|[1]
19:04:30.1 (1924039)|STATEMENT_EXECUTE|[1]
19:04:30.1 (1959848)|HEAP_ALLOCATE|[1]|Bytes:4
19:04:30.1 (1966237)|HEAP_ALLOCATE|[1]|Bytes:104
19:04:30.1 (1975620)|HEAP_ALLOCATE|[1]|Bytes:4
19:04:30.1 (2022248)|HEAP_ALLOCATE|[50]|Bytes:5
19:04:30.1 (2046675)|HEAP_ALLOCATE|[56]|Bytes:5
19:04:30.1 (2053761)|HEAP_ALLOCATE|[64]|Bytes:7
19:04:30.1 (2544534)|SOQL_EXECUTE_BEGIN|[1]|Aggregations:1|SELECT Id, Owner.Id, Amount, (SELECT Id FROM Bonuses__r) FROM Opportunity WHERE StageName = 'Closed Won'
19:04:30.1 (16168366)|SOQL_EXECUTE_END|[1]|Rows:18
19:04:30.1 (16261565)|HEAP_ALLOCATE|[1]|Bytes:76
19:04:30.1 (16330827)|HEAP_ALLOCATE|[1]|Bytes:2062
19:04:30.1 (16549153)|HEAP_ALLOCATE|[1]|Bytes:76
19:04:30.1 (16662461)|HEAP_ALLOCATE|[1]|Bytes:20
19:04:30.1 (16683178)|HEAP_ALLOCATE|[1]|Bytes:4
19:04:30.1 (16692993)|HEAP_ALLOCATE|[1]|Bytes:20
19:04:30.1 (16700479)|HEAP_ALLOCATE|[1]|Bytes:4
19:04:30.1 (16707221)|HEAP_ALLOCATE|[1]|Bytes:20
19:04:30.1 (16714781)|HEAP_ALLOCATE|[1]|Bytes:4
19:04:30.1 (16721207)|HEAP_ALLOCATE|[1]|Bytes:20
19:04:30.1 (16726234)|HEAP_ALLOCATE|[1]|Bytes:4
19:04:30.1 (16734279)|HEAP_ALLOCATE|[1]|Bytes:20
19:04:30.1 (16738661)|HEAP_ALLOCATE|[1]|Bytes:4
19:04:30.1 (16744986)|HEAP_ALLOCATE|[1]|Bytes:20
19:04:30.1 (16749574)|HEAP_ALLOCATE|[1]|Bytes:4
19:04:30.1 (16752415)|HEAP_ALLOCATE|[1]|Bytes:20
19:04:30.1 (16755724)|HEAP_ALLOCATE|[1]|Bytes:4
19:04:30.1 (16759206)|HEAP_ALLOCATE|[1]|Bytes:20
19:04:30.1 (16762657)|HEAP_ALLOCATE|[1]|Bytes:4
19:04:30.1 (16765111)|HEAP_ALLOCATE|[1]|Bytes:20
19:04:30.1 (16769654)|HEAP_ALLOCATE|[1]|Bytes:4
19:04:30.1 (16772635)|HEAP_ALLOCATE|[1]|Bytes:20
19:04:30.1 (16776226)|HEAP_ALLOCATE|[1]|Bytes:4
19:04:30.1 (16778933)|HEAP_ALLOCATE|[1]|Bytes:20
19:04:30.1 (16782266)|HEAP_ALLOCATE|[1]|Bytes:4
19:04:30.1 (16785321)|HEAP_ALLOCATE|[1]|Bytes:20
19:04:30.1 (16788886)|HEAP_ALLOCATE|[1]|Bytes:4
19:04:30.1 (16791837)|HEAP_ALLOCATE|[1]|Bytes:20
19:04:30.1 (16795226)|HEAP_ALLOCATE|[1]|Bytes:4
19:04:30.1 (16801680)|HEAP_ALLOCATE|[1]|Bytes:20
19:04:30.1 (16806225)|HEAP_ALLOCATE|[1]|Bytes:4
19:04:30.1 (16809246)|HEAP_ALLOCATE|[1]|Bytes:20
19:04:30.1 (16812849)|HEAP_ALLOCATE|[1]|Bytes:4
19:04:30.1 (16815786)|HEAP_ALLOCATE|[1]|Bytes:20
19:04:30.1 (16819268)|HEAP_ALLOCATE|[1]|Bytes:4
19:04:30.1 (16822337)|HEAP_ALLOCATE|[1]|Bytes:20
19:04:30.1 (16826230)|HEAP_ALLOCATE|[1]|Bytes:4
19:04:30.1 (16829165)|HEAP_ALLOCATE|[1]|Bytes:20
19:04:30.1 (16832831)|HEAP_ALLOCATE|[1]|Bytes:4
19:04:30.1 (16901045)|VARIABLE_ASSIGNMENT|[1]|m|"Map of size 18 too large to display"|0x23a798db
19:04:30.1 (16911237)|STATEMENT_EXECUTE|[6]
19:04:30.1 (17307739)|USER_DEBUG|[6]|DEBUG|{0060O00000ob1F3QAI=Opportunity:{Id=0060O00000ob1F3QAI, OwnerId=0050O00000782UiQAI, Amount=220000.00}, 0060O00000ob1F4QAI=Opportunity:{Id=0060O00000ob1F4QAI, OwnerId=0050O00000782UiQAI, Amount=85000.00}, 0060O00000ob1F7QAI=Opportunity:{Id=0060O00000ob1F7QAI, OwnerId=0050O00000782UiQAI, Amount=120000.00}, 0060O00000ob1F9QAI=Opportunity:{Id=0060O00000ob1F9QAI, OwnerId=0050O00000782UiQAI, Amount=75000.00}, 0060O00000ob1FAQAY=Opportunity:{Id=0060O00000ob1FAQAY, OwnerId=0050O00000782UiQAI, Amount=50000.00}, 0060O00000ob1FEQAY=Opportunity:{Id=0060O00000ob1FEQAY, OwnerId=0050O00000782UiQAI, Amount=30000.00}, 0060O00000ob1FGQAY=Opportunity:{Id=0060O00000ob1FGQAY, OwnerId=0050O00000782UiQAI, Amount=50000.00}, 0060O00000ob1FHQAY=Opportunity:{Id=0060O00000ob1FHQAY, OwnerId=0050O00000782UiQAI, Amount=60000.00}, 0060O00000ob1FIQAY=Opportunity:{Id=0060O00000ob1FIQAY, OwnerId=0050O00000782UiQAI, Amount=270000.00}, 0060O00000ob1FJQAY=Opportunity:{Id=0060O00000ob1FJQAY, OwnerId=0050O00000782UiQAI, Amount=350000.00}, ...}
19:04:30.17 (17425349)|CUMULATIVE_LIMIT_USAGE
19:04:30.17 (17425349)|LIMIT_USAGE_FOR_NS|(default)|
  Number of SOQL queries: 1 out of 100
  Number of query rows: 18 out of 50000
  Number of SOSL queries: 0 out of 20
  Number of DML statements: 0 out of 150
  Number of DML rows: 0 out of 10000
  Maximum CPU time: 0 out of 10000
  Maximum heap size: 0 out of 6000000
  Number of callouts: 0 out of 100
  Number of Email Invocations: 0 out of 10
  Number of future calls: 0 out of 50
  Number of queueable jobs added to the queue: 0 out of 50
  Number of Mobile Apex push calls: 0 out of 10

19:04:30.17 (17425349)|CUMULATIVE_LIMIT_USAGE_END

19:04:30.1 (17483207)|CODE_UNIT_FINISHED|execute_anonymous_apex
19:04:30.1 (18540202)|EXECUTION_FINISHED
