41.0 APEX_CODE,FINEST;APEX_PROFILING,INFO;CALLOUT,INFO;DB,INFO;SYSTEM,DEBUG;VALIDATION,INFO;VISUALFORCE,INFO;WAVE,INFO;WORKFLOW,INFO
Execute Anonymous: Map<Id,AggregateResult> m = new Map<Id, AggregateResult>([SELECT Sales_Rep__r.Id, SUM(Amount__c) TotalBonusAmount,
Execute Anonymous: CALENDAR_YEAR(Opportunity__r.CloseDate) AggrYear,
Execute Anonymous: CALENDAR_MONTH(Opportunity__r.CloseDate) AggrMonth
Execute Anonymous: FROM Bonus__c
Execute Anonymous: GROUP BY Sales_Rep__r.Id, CALENDAR_YEAR(Opportunity__r.CloseDate), CALENDAR_MONTH(Opportunity__r.CloseDate)]);
Execute Anonymous: 
Execute Anonymous: system.debug(m);
20:21:00.1 (1402663)|USER_INFO|[EXTERNAL]|0050O00000782Ui|bchernichko@curious-raccoon-209964.com|Moscow Standard Time|GMT+03:00
20:21:00.1 (1437416)|EXECUTION_STARTED
20:21:00.1 (1444875)|CODE_UNIT_STARTED|[EXTERNAL]|execute_anonymous_apex
20:21:00.1 (1719246)|VARIABLE_SCOPE_BEGIN|[1]|m|Map<Id,AggregateResult>|true|false
20:21:00.1 (1907418)|HEAP_ALLOCATE|[72]|Bytes:3
20:21:00.1 (1968975)|HEAP_ALLOCATE|[77]|Bytes:152
20:21:00.1 (2004922)|HEAP_ALLOCATE|[342]|Bytes:408
20:21:00.1 (2049019)|HEAP_ALLOCATE|[355]|Bytes:408
20:21:00.1 (2088957)|HEAP_ALLOCATE|[467]|Bytes:48
20:21:00.1 (2148843)|HEAP_ALLOCATE|[139]|Bytes:6
20:21:00.1 (2200100)|HEAP_ALLOCATE|[EXTERNAL]|Bytes:3
20:21:00.1 (2346783)|STATEMENT_EXECUTE|[1]
20:21:00.1 (2351421)|STATEMENT_EXECUTE|[1]
20:21:00.1 (2412558)|HEAP_ALLOCATE|[1]|Bytes:4
20:21:00.1 (2430170)|HEAP_ALLOCATE|[1]|Bytes:279
20:21:00.1 (2453911)|HEAP_ALLOCATE|[1]|Bytes:4
20:21:00.1 (2519344)|HEAP_ALLOCATE|[50]|Bytes:5
20:21:00.1 (2559143)|HEAP_ALLOCATE|[56]|Bytes:5
20:21:00.1 (2584406)|HEAP_ALLOCATE|[64]|Bytes:7
20:21:00.1 (3829353)|SOQL_EXECUTE_BEGIN|[1]|Aggregations:0|SELECT Sales_Rep__r.Id, SUM(Amount__c) TotalBonusAmount, CALENDAR_YEAR(Opportunity__r.CloseDate) AggrYear, CALENDAR_MONTH(Opportunity__r.CloseDate) AggrMonth FROM Bonus__c GROUP BY Sales_Rep__r.Id, CALENDAR_YEAR(Opportunity__r.CloseDate), CALENDAR_MONTH(Opportunity__r.CloseDate)
20:21:00.1 (9978885)|SOQL_EXECUTE_END|[1]|Rows:0
20:21:00.1 (10054865)|HEAP_ALLOCATE|[1]|Bytes:4
20:21:00.1 (10084944)|HEAP_ALLOCATE|[1]|Bytes:0
20:21:00.1 (10284087)|HEAP_ALLOCATE|[1]|Bytes:4
20:21:00.1 (10398360)|VARIABLE_ASSIGNMENT|[1]|m|{}|0x1f3bb711
20:21:00.1 (10413038)|STATEMENT_EXECUTE|[7]
20:21:00.1 (10491919)|USER_DEBUG|[7]|DEBUG|{}
20:21:00.10 (10568938)|CUMULATIVE_LIMIT_USAGE
20:21:00.10 (10568938)|LIMIT_USAGE_FOR_NS|(default)|
  Number of SOQL queries: 1 out of 100
  Number of query rows: 0 out of 50000
  Number of SOSL queries: 0 out of 20
  Number of DML statements: 0 out of 150
  Number of DML rows: 0 out of 10000
  Maximum CPU time: 0 out of 10000
  Maximum heap size: 0 out of 6000000
  Number of callouts: 0 out of 100
  Number of Email Invocations: 0 out of 10
  Number of future calls: 0 out of 50
  Number of queueable jobs added to the queue: 0 out of 50
  Number of Mobile Apex push calls: 0 out of 10

20:21:00.10 (10568938)|CUMULATIVE_LIMIT_USAGE_END

20:21:00.1 (10625522)|CODE_UNIT_FINISHED|execute_anonymous_apex
20:21:00.1 (11638339)|EXECUTION_FINISHED
